<?xml version="1.0" encoding="UTF-8"?>
<!-- Generated by org.testng.reporters.JUnitReportReporter -->
<testsuite hostname="LAPTOP-FN1AS96S" failures="0" tests="10" name="tests.End_To_End_Extent_Report" time="111.035" errors="0" timestamp="2024-06-19T16:31:26 IST" skipped="0">
  <testcase classname="tests.End_To_End_Extent_Report" name="loginFuctionality" time="6.373"/>
  <testcase classname="tests.End_To_End_Extent_Report" name="categoriesDisplayed" time="5.188"/>
  <testcase classname="tests.End_To_End_Extent_Report" name="navigateToNextPage" time="15.256"/>
  <testcase classname="tests.End_To_End_Extent_Report" name="contactDemo" time="6.859"/>
  <testcase classname="tests.End_To_End_Extent_Report" name="addCartDemo" time="22.650"/>
  <testcase classname="tests.End_To_End_Extent_Report" name="deleteItemFromCart" time="3.237"/>
  <testcase classname="tests.End_To_End_Extent_Report" name="checkoutProcess" time="40.290"/>
  <testcase classname="tests.End_To_End_Extent_Report" name="testInvalidLogin" time="7.289"/>
  <testcase classname="tests.End_To_End_Extent_Report" name="testGetStatusCode_CartPage" time="3.187"/>
  <testcase classname="tests.End_To_End_Extent_Report" name="testGetStatusCode_Home_Page" time="0.706"/>
</testsuite> <!-- tests.End_To_End_Extent_Report -->
