<?xml version="1.0" encoding="UTF-8"?>
<!-- Generated by org.testng.reporters.JUnitReportReporter -->
<testsuite hostname="LAPTOP-FN1AS96S" failures="0" tests="2" name="defectCase.PurchaseWithoutLoginTest" time="22.390" errors="0" timestamp="2024-06-19T15:54:46 IST" skipped="0">
  <testcase classname="defectCase.PurchaseWithoutLoginTest" name="addProductToCartWithoutLogin__Test_Case_01" time="11.906"/>
  <testcase classname="defectCase.PurchaseWithoutLoginTest" name="checkoutWithoutLogin___Test_Case_02" time="10.484"/>
</testsuite> <!-- defectCase.PurchaseWithoutLoginTest -->
