<?xml version="1.0" encoding="UTF-8"?>
<!-- Generated by org.testng.reporters.JUnitReportReporter -->
<testsuite hostname="LAPTOP-FN1AS96S" failures="0" tests="2" name="defectCase.PurchaseWithoutLoginTestExtent_Report" time="19.669" errors="0" timestamp="2024-06-19T15:57:12 IST" skipped="0">
  <testcase classname="defectCase.PurchaseWithoutLoginTestExtent_Report" name="addProductToCartWithoutLogin__Test_Case_01" time="11.942"/>
  <testcase classname="defectCase.PurchaseWithoutLoginTestExtent_Report" name="checkoutWithoutLogin___Test_Case_02" time="7.727"/>
</testsuite> <!-- defectCase.PurchaseWithoutLoginTestExtent_Report -->
